build/app/intermediates/manifest_merge_blame_file/release/manifest-merger-blame-release-report.txt
1<?xml version="1.0" encoding="utf-8"?>
2<manifest xmlns:android="http://schemas.android.com/apk/res/android"
3    package="com.tcl.madinasaloon"
4    android:versionCode="1"
5    android:versionName="1.0.0" >
6
7    <uses-sdk
8        android:minSdkVersion="16"
8-->src/main/AndroidManifest.xml
9        android:targetSdkVersion="29" />
9-->src/main/AndroidManifest.xml
10    <!--
11       io.flutter.app.FlutterApplication is an android.app.Application that
12         calls FlutterMain.startInitialization(this); in its onCreate method.
13         In most cases you can leave this as-is, but you if you want to provide
14         additional functionality it is fine to subclass or reimplement
15         FlutterApplication and put your custom class here.
16    -->
17
18    <uses-permission android:name="android.permission.INTERNET" />
18-->src/main/AndroidManifest.xml:10:3-65
18-->src/main/AndroidManifest.xml:10:20-62
19    <uses-permission android:name="android.permission.ACCESS_NETWORK_STATE" />
19-->[:connectivity] AndroidManifest.xml:7:5-79
19-->[:connectivity] AndroidManifest.xml:7:22-76
20    <uses-permission android:name="android.permission.ACCESS_WIFI_STATE" />
20-->[:connectivity] AndroidManifest.xml:8:5-76
20-->[:connectivity] AndroidManifest.xml:8:22-73
21    <uses-permission android:name="android.permission.WAKE_LOCK" /> <!-- Required by older versions of Google Play services to create IID tokens -->
21-->[com.google.firebase:firebase-iid:21.0.1] AndroidManifest.xml:24:5-68
21-->[com.google.firebase:firebase-iid:21.0.1] AndroidManifest.xml:24:22-65
22    <uses-permission android:name="com.google.android.c2dm.permission.RECEIVE" />
22-->[com.google.firebase:firebase-iid:21.0.1] AndroidManifest.xml:26:5-82
22-->[com.google.firebase:firebase-iid:21.0.1] AndroidManifest.xml:26:22-79
23
24    <uses-feature
24-->[com.google.android.gms:play-services-maps:17.0.0] AndroidManifest.xml:26:5-28:35
25        android:glEsVersion="0x00020000"
25-->[com.google.android.gms:play-services-maps:17.0.0] AndroidManifest.xml:27:9-41
26        android:required="true" />
26-->[com.google.android.gms:play-services-maps:17.0.0] AndroidManifest.xml:28:9-32
27
28    <application
28-->src/main/AndroidManifest.xml:13:3-50:17
29        android:name="io.flutter.app.FlutterApplication"
29-->src/main/AndroidManifest.xml:13:17-65
30        android:appComponentFactory="androidx.core.app.CoreComponentFactory"
30-->[androidx.core:core:1.1.0] AndroidManifest.xml:24:18-86
31        android:icon="@mipmap/launcher_icon"
31-->src/main/AndroidManifest.xml:13:96-132
32        android:label="Madina Saloon" >
32-->src/main/AndroidManifest.xml:13:66-95
33        <activity
33-->src/main/AndroidManifest.xml:14:5-37:19
34            android:name="com.example.truemedapp.MainActivity"
34-->src/main/AndroidManifest.xml:14:15-43
35            android:configChanges="orientation|keyboardHidden|keyboard|screenSize|smallestScreenSize|locale|layoutDirection|fontScale|screenLayout|density|uiMode"
35-->src/main/AndroidManifest.xml:14:110-260
36            android:hardwareAccelerated="true"
36-->src/main/AndroidManifest.xml:14:261-295
37            android:launchMode="singleTop"
37-->src/main/AndroidManifest.xml:14:44-74
38            android:theme="@style/LaunchTheme"
38-->src/main/AndroidManifest.xml:14:75-109
39            android:windowSoftInputMode="adjustResize" >
39-->src/main/AndroidManifest.xml:14:296-338
40
41            <!--
42           Specifies an Android theme to apply to this Activity as soon as
43                 the Android process has started. This theme is visible to the user
44                 while the Flutter UI initializes. After that, this theme continues
45                 to determine the Window background behind the Flutter UI.
46            -->
47            <meta-data
47-->src/main/AndroidManifest.xml:20:7-114
48                android:name="io.flutter.embedding.android.NormalTheme"
48-->src/main/AndroidManifest.xml:20:18-73
49                android:resource="@style/NormalTheme" />
49-->src/main/AndroidManifest.xml:20:74-111
50            <!--
51           Displays an Android View that continues showing the launch screen
52                 Drawable until Flutter paints its first frame, then this splash
53                 screen fades out. A splash screen is useful to avoid any visual
54                 gap between the end of Android's launch screen and the painting of
55                 Flutter's first frame.
56            -->
57            <meta-data
57-->src/main/AndroidManifest.xml:26:7-132
58                android:name="io.flutter.embedding.android.SplashScreenDrawable"
58-->src/main/AndroidManifest.xml:26:18-82
59                android:resource="@drawable/launch_background" />
59-->src/main/AndroidManifest.xml:26:83-129
60
61            <intent-filter>
61-->src/main/AndroidManifest.xml:27:7-30:23
62                <action android:name="android.intent.action.MAIN" />
62-->src/main/AndroidManifest.xml:28:9-60
62-->src/main/AndroidManifest.xml:28:17-58
63
64                <category android:name="android.intent.category.LAUNCHER" />
64-->src/main/AndroidManifest.xml:29:9-68
64-->src/main/AndroidManifest.xml:29:19-66
65            </intent-filter>
66
67            <!-- Added For Firebase push notifications -->
68            <intent-filter>
68-->src/main/AndroidManifest.xml:33:10-36:26
69                <action android:name="FLUTTER_NOTIFICATION_CLICK" />
69-->src/main/AndroidManifest.xml:34:12-64
69-->src/main/AndroidManifest.xml:34:20-61
70
71                <category android:name="android.intent.category.DEFAULT" />
71-->src/main/AndroidManifest.xml:35:12-71
71-->src/main/AndroidManifest.xml:35:22-68
72            </intent-filter>
73        </activity>
74        <!--
75            Don't delete the meta-data below.
76                This is used by the Flutter tool to generate GeneratedPluginRegistrant.java
77        -->
78        <meta-data
78-->src/main/AndroidManifest.xml:40:5-68
79            android:name="flutterEmbedding"
79-->src/main/AndroidManifest.xml:40:16-47
80            android:value="2" />
80-->src/main/AndroidManifest.xml:40:48-65
81        <meta-data
81-->src/main/AndroidManifest.xml:42:5-119
82            android:name="com.google.android.geo.API_KEY"
82-->src/main/AndroidManifest.xml:42:16-61
83            android:value="AIzaSyB2TvUvkaaKAWAejqlikg3xqpicJq-vD28" />
83-->src/main/AndroidManifest.xml:42:62-117
84
85        <receiver android:name="com.dexterous.flutterlocalnotifications.ScheduledNotificationBootReceiver" >
85-->src/main/AndroidManifest.xml:44:5-48:12
85-->src/main/AndroidManifest.xml:44:15-103
86            <intent-filter>
86-->src/main/AndroidManifest.xml:45:5-47:21
87                <action android:name="android.intent.action.BOOT_COMPLETED" />
87-->src/main/AndroidManifest.xml:46:9-78
87-->src/main/AndroidManifest.xml:46:17-68
88            </intent-filter>
89        </receiver>
90        <receiver android:name="com.dexterous.flutterlocalnotifications.ScheduledNotificationReceiver" />
90-->src/main/AndroidManifest.xml:49:1-98
90-->src/main/AndroidManifest.xml:49:11-95
91        <!--
92             FirebaseMessagingService performs security checks at runtime,
93             but set to not exported to explicitly avoid allowing another app to call it.
94        -->
95        <service
95-->[com.google.firebase:firebase-messaging:21.0.1] AndroidManifest.xml:28:9-35:19
96            android:name="com.google.firebase.messaging.FirebaseMessagingService"
96-->[com.google.firebase:firebase-messaging:21.0.1] AndroidManifest.xml:29:13-82
97            android:directBootAware="true"
97-->[com.google.firebase:firebase-messaging:21.0.1] AndroidManifest.xml:30:13-43
98            android:exported="false" >
98-->[com.google.firebase:firebase-messaging:21.0.1] AndroidManifest.xml:31:13-37
99            <intent-filter android:priority="-500" >
99-->[com.google.firebase:firebase-messaging:21.0.1] AndroidManifest.xml:32:13-34:29
99-->[com.google.firebase:firebase-messaging:21.0.1] AndroidManifest.xml:32:28-51
100                <action android:name="com.google.firebase.MESSAGING_EVENT" />
100-->[com.google.firebase:firebase-messaging:21.0.1] AndroidManifest.xml:33:17-78
100-->[com.google.firebase:firebase-messaging:21.0.1] AndroidManifest.xml:33:25-75
101            </intent-filter>
102        </service>
103        <service
103-->[com.google.firebase:firebase-messaging:21.0.1] AndroidManifest.xml:36:9-42:19
104            android:name="com.google.firebase.components.ComponentDiscoveryService"
104-->[com.google.firebase:firebase-messaging:21.0.1] AndroidManifest.xml:37:13-84
105            android:directBootAware="true"
105-->[com.google.firebase:firebase-common:19.5.0] AndroidManifest.xml:35:13-43
106            android:exported="false" >
106-->[com.google.firebase:firebase-messaging:21.0.1] AndroidManifest.xml:38:13-37
107            <meta-data
107-->[com.google.firebase:firebase-messaging:21.0.1] AndroidManifest.xml:39:13-41:85
108                android:name="com.google.firebase.components:com.google.firebase.messaging.FirebaseMessagingRegistrar"
108-->[com.google.firebase:firebase-messaging:21.0.1] AndroidManifest.xml:40:17-119
109                android:value="com.google.firebase.components.ComponentRegistrar" />
109-->[com.google.firebase:firebase-messaging:21.0.1] AndroidManifest.xml:41:17-82
110            <meta-data
110-->[com.google.firebase:firebase-iid:21.0.1] AndroidManifest.xml:32:13-34:85
111                android:name="com.google.firebase.components:com.google.firebase.iid.Registrar"
111-->[com.google.firebase:firebase-iid:21.0.1] AndroidManifest.xml:33:17-96
112                android:value="com.google.firebase.components.ComponentRegistrar" />
112-->[com.google.firebase:firebase-iid:21.0.1] AndroidManifest.xml:34:17-82
113            <meta-data
113-->[com.google.firebase:firebase-datatransport:17.0.10] AndroidManifest.xml:28:13-30:85
114                android:name="com.google.firebase.components:com.google.firebase.datatransport.TransportRegistrar"
114-->[com.google.firebase:firebase-datatransport:17.0.10] AndroidManifest.xml:29:17-115
115                android:value="com.google.firebase.components.ComponentRegistrar" />
115-->[com.google.firebase:firebase-datatransport:17.0.10] AndroidManifest.xml:30:17-82
116            <meta-data
116-->[com.google.firebase:firebase-installations:16.3.5] AndroidManifest.xml:18:13-20:85
117                android:name="com.google.firebase.components:com.google.firebase.installations.FirebaseInstallationsRegistrar"
117-->[com.google.firebase:firebase-installations:16.3.5] AndroidManifest.xml:19:17-127
118                android:value="com.google.firebase.components.ComponentRegistrar" />
118-->[com.google.firebase:firebase-installations:16.3.5] AndroidManifest.xml:20:17-82
119            <!--
120                This registrar is not defined in the dynamic-module-support sdk itself to allow non-firebase
121                clients to use it as well, by defining this registrar in their own core/common library.
122            -->
123            <meta-data
123-->[com.google.firebase:firebase-common:19.5.0] AndroidManifest.xml:43:13-45:85
124                android:name="com.google.firebase.components:com.google.firebase.dynamicloading.DynamicLoadingRegistrar"
124-->[com.google.firebase:firebase-common:19.5.0] AndroidManifest.xml:44:17-121
125                android:value="com.google.firebase.components.ComponentRegistrar" />
125-->[com.google.firebase:firebase-common:19.5.0] AndroidManifest.xml:45:17-82
126        </service>
127
128        <activity
128-->[:url_launcher] AndroidManifest.xml:8:9-11:74
129            android:name="io.flutter.plugins.urllauncher.WebViewActivity"
129-->[:url_launcher] AndroidManifest.xml:9:13-74
130            android:exported="false"
130-->[:url_launcher] AndroidManifest.xml:10:13-37
131            android:theme="@android:style/Theme.NoTitleBar.Fullscreen" />
131-->[:url_launcher] AndroidManifest.xml:11:13-71
132
133        <receiver
133-->[com.google.firebase:firebase-iid:21.0.1] AndroidManifest.xml:37:9-44:20
134            android:name="com.google.firebase.iid.FirebaseInstanceIdReceiver"
134-->[com.google.firebase:firebase-iid:21.0.1] AndroidManifest.xml:38:13-78
135            android:exported="true"
135-->[com.google.firebase:firebase-iid:21.0.1] AndroidManifest.xml:39:13-36
136            android:permission="com.google.android.c2dm.permission.SEND" >
136-->[com.google.firebase:firebase-iid:21.0.1] AndroidManifest.xml:40:13-73
137            <intent-filter>
137-->[com.google.firebase:firebase-iid:21.0.1] AndroidManifest.xml:41:13-43:29
138                <action android:name="com.google.android.c2dm.intent.RECEIVE" />
138-->[com.google.firebase:firebase-iid:21.0.1] AndroidManifest.xml:42:17-81
138-->[com.google.firebase:firebase-iid:21.0.1] AndroidManifest.xml:42:25-78
139            </intent-filter>
140        </receiver>
141
142        <provider
142-->[com.google.firebase:firebase-common:19.5.0] AndroidManifest.xml:26:9-31:39
143            android:name="com.google.firebase.provider.FirebaseInitProvider"
143-->[com.google.firebase:firebase-common:19.5.0] AndroidManifest.xml:27:13-77
144            android:authorities="com.tcl.madinasaloon.firebaseinitprovider"
144-->[com.google.firebase:firebase-common:19.5.0] AndroidManifest.xml:28:13-72
145            android:directBootAware="true"
145-->[com.google.firebase:firebase-common:19.5.0] AndroidManifest.xml:29:13-43
146            android:exported="false"
146-->[com.google.firebase:firebase-common:19.5.0] AndroidManifest.xml:30:13-37
147            android:initOrder="100" /> <!-- Needs to be explicitly declared on P+ -->
147-->[com.google.firebase:firebase-common:19.5.0] AndroidManifest.xml:31:13-36
148        <uses-library
148-->[com.google.android.gms:play-services-maps:17.0.0] AndroidManifest.xml:33:9-35:40
149            android:name="org.apache.http.legacy"
149-->[com.google.android.gms:play-services-maps:17.0.0] AndroidManifest.xml:34:13-50
150            android:required="false" />
150-->[com.google.android.gms:play-services-maps:17.0.0] AndroidManifest.xml:35:13-37
151
152        <activity
152-->[com.google.android.gms:play-services-base:17.0.0] AndroidManifest.xml:23:9-26:75
153            android:name="com.google.android.gms.common.api.GoogleApiActivity"
153-->[com.google.android.gms:play-services-base:17.0.0] AndroidManifest.xml:24:13-79
154            android:exported="false"
154-->[com.google.android.gms:play-services-base:17.0.0] AndroidManifest.xml:25:13-37
155            android:theme="@android:style/Theme.Translucent.NoTitleBar" />
155-->[com.google.android.gms:play-services-base:17.0.0] AndroidManifest.xml:26:13-72
156
157        <meta-data
157-->[com.google.android.gms:play-services-basement:17.0.0] AndroidManifest.xml:23:9-25:69
158            android:name="com.google.android.gms.version"
158-->[com.google.android.gms:play-services-basement:17.0.0] AndroidManifest.xml:24:13-58
159            android:value="@integer/google_play_services_version" />
159-->[com.google.android.gms:play-services-basement:17.0.0] AndroidManifest.xml:25:13-66
160
161        <service
161-->[com.google.android.datatransport:transport-backend-cct:2.3.3] AndroidManifest.xml:29:9-35:19
162            android:name="com.google.android.datatransport.runtime.backends.TransportBackendDiscovery"
162-->[com.google.android.datatransport:transport-backend-cct:2.3.3] AndroidManifest.xml:30:13-103
163            android:exported="false" >
163-->[com.google.android.datatransport:transport-backend-cct:2.3.3] AndroidManifest.xml:31:13-37
164            <meta-data
164-->[com.google.android.datatransport:transport-backend-cct:2.3.3] AndroidManifest.xml:32:13-34:39
165                android:name="backend:com.google.android.datatransport.cct.CctBackendFactory"
165-->[com.google.android.datatransport:transport-backend-cct:2.3.3] AndroidManifest.xml:33:17-94
166                android:value="cct" />
166-->[com.google.android.datatransport:transport-backend-cct:2.3.3] AndroidManifest.xml:34:17-36
167        </service>
168        <service
168-->[com.google.android.datatransport:transport-runtime:2.2.5] AndroidManifest.xml:26:9-30:19
169            android:name="com.google.android.datatransport.runtime.scheduling.jobscheduling.JobInfoSchedulerService"
169-->[com.google.android.datatransport:transport-runtime:2.2.5] AndroidManifest.xml:27:13-117
170            android:exported="false"
170-->[com.google.android.datatransport:transport-runtime:2.2.5] AndroidManifest.xml:28:13-37
171            android:permission="android.permission.BIND_JOB_SERVICE" >
171-->[com.google.android.datatransport:transport-runtime:2.2.5] AndroidManifest.xml:29:13-69
172        </service>
173
174        <receiver
174-->[com.google.android.datatransport:transport-runtime:2.2.5] AndroidManifest.xml:32:9-34:40
175            android:name="com.google.android.datatransport.runtime.scheduling.jobscheduling.AlarmManagerSchedulerBroadcastReceiver"
175-->[com.google.android.datatransport:transport-runtime:2.2.5] AndroidManifest.xml:33:13-132
176            android:exported="false" />
176-->[com.google.android.datatransport:transport-runtime:2.2.5] AndroidManifest.xml:34:13-37
177    </application>
178
179</manifest>